File not found: ../../source/ti/drivers/rf/RF.h
In project: examples/rtos/CC2640R2_LAUNCHXL/blestack/host_test/tirtos/ccs/host_test_cc2640r2lp_app.projectspec

File not found: ../../source/ti/drivers/rf/RFCC26XX_singleMode.c
In project: examples/rtos/CC2640R2_LAUNCHXL/blestack/host_test/tirtos/ccs/host_test_cc2640r2lp_app.projectspec

File not found: connection_monitor/src/app/micro_ble_cm.c
In project: examples/rtos/CC2640R2_LAUNCHXL/blestack/micro_ble_test/tirtos/ccs/micro_ble_test_cc2640r2lp_app.projectspec

File not found: connection_monitor/src/app/micro_ble_cm.h
In project: examples/rtos/CC2640R2_LAUNCHXL/blestack/micro_ble_test/tirtos/ccs/micro_ble_test_cc2640r2lp_app.projectspec

File not found: connection_monitor/src/app/micro_cm_app.c
In project: examples/rtos/CC2640R2_LAUNCHXL/blestack/micro_ble_test/tirtos/ccs/micro_ble_test_cc2640r2lp_app.projectspec

File not found: connection_monitor/src/app/micro_cm_app.h
In project: examples/rtos/CC2640R2_LAUNCHXL/blestack/micro_ble_test/tirtos/ccs/micro_ble_test_cc2640r2lp_app.projectspec

File not found: ../../source/ti/drivers/rf/RFCC26XX_singleMode.c
In project: examples/rtos/CC2640R2_LAUNCHXL/blestack/micro_ble_test/tirtos/ccs/micro_ble_test_cc2640r2lp_app.projectspec

File not found: ../../source/ti/drivers/rf/RF.h
In project: examples/rtos/CC2640R2_LAUNCHXL/blestack/multi_role/tirtos/ccs/multi_role_cc2640r2lp_app.projectspec

File not found: ../../source/ti/drivers/rf/RFCC26XX_singleMode.c
In project: examples/rtos/CC2640R2_LAUNCHXL/blestack/multi_role/tirtos/ccs/multi_role_cc2640r2lp_app.projectspec

File not found: ../../source/ti/drivers/rf/RF.h
In project: examples/rtos/CC2640R2_LAUNCHXL/blestack/project_zero/tirtos/ccs/project_zero_cc2640r2lp_app.projectspec

File not found: ../../source/ti/drivers/rf/RFCC26XX_singleMode.c
In project: examples/rtos/CC2640R2_LAUNCHXL/blestack/project_zero/tirtos/ccs/project_zero_cc2640r2lp_app.projectspec

File not found: ../../source/ti/drivers/rf/RF.h
In project: examples/rtos/CC2640R2_LAUNCHXL/blestack/simple_broadcaster/tirtos/ccs/simple_broadcaster_cc2640r2lp_app.projectspec

File not found: ../../source/ti/drivers/rf/RFCC26XX_singleMode.c
In project: examples/rtos/CC2640R2_LAUNCHXL/blestack/simple_broadcaster/tirtos/ccs/simple_broadcaster_cc2640r2lp_app.projectspec

File not found: ../../source/ti/drivers/rf/RF.h
In project: examples/rtos/CC2640R2_LAUNCHXL/blestack/simple_central/tirtos/ccs/simple_central_cc2640r2lp_app.projectspec

File not found: ../../source/ti/drivers/rf/RFCC26XX_singleMode.c
In project: examples/rtos/CC2640R2_LAUNCHXL/blestack/simple_central/tirtos/ccs/simple_central_cc2640r2lp_app.projectspec

File not found: ../../source/ti/drivers/rf/RF.h
In project: examples/rtos/CC2640R2_LAUNCHXL/blestack/simple_np/tirtos/ccs/simple_np_cc2640r2lp_app.projectspec

File not found: ../../source/ti/drivers/rf/RFCC26XX_singleMode.c
In project: examples/rtos/CC2640R2_LAUNCHXL/blestack/simple_np/tirtos/ccs/simple_np_cc2640r2lp_app.projectspec

File not found: ../../source/ti/drivers/rf/RF.h
In project: examples/rtos/CC2640R2_LAUNCHXL/blestack/simple_observer/tirtos/ccs/simple_observer_cc2640r2lp_app.projectspec

File not found: ../../source/ti/drivers/rf/RFCC26XX_singleMode.c
In project: examples/rtos/CC2640R2_LAUNCHXL/blestack/simple_observer/tirtos/ccs/simple_observer_cc2640r2lp_app.projectspec

File not found: ../../source/ti/drivers/rf/RF.h
In project: examples/rtos/CC2640R2_LAUNCHXL/blestack/simple_peripheral/tirtos/ccs/simple_peripheral_cc2640r2lp_app.projectspec

File not found: ../../source/ti/drivers/rf/RFCC26XX_singleMode.c
In project: examples/rtos/CC2640R2_LAUNCHXL/blestack/simple_peripheral/tirtos/ccs/simple_peripheral_cc2640r2lp_app.projectspec

File not found: ../../source/ti/devices/cc26x0r2/startup_files/startup_ccs.c
In project: examples/rtos/CC2640R2_LAUNCHXL/blestack/simple_peripheral_oad_offchip/tirtos/ccs/bim_oad_offchip_cc2640r2lp_app.projectspec

File not found: ../../source/ti/drivers/rf/RF.h
In project: examples/rtos/CC2640R2_LAUNCHXL/blestack/simple_peripheral_oad_offchip/tirtos/ccs/simple_peripheral_cc2640r2lp_oad_offchip_app.projectspec

File not found: ../../source/ti/drivers/rf/RFCC26XX_singleMode.c
In project: examples/rtos/CC2640R2_LAUNCHXL/blestack/simple_peripheral_oad_offchip/tirtos/ccs/simple_peripheral_cc2640r2lp_oad_offchip_app.projectspec

File not found: ../../source/ti/devices/cc26x0r2/startup_files/startup_ccs.c
In project: examples/rtos/CC2640R2_LAUNCHXL/blestack/simple_peripheral_oad_onchip/tirtos/ccs/bim_oad_onchip_cc2640r2lp_app.projectspec

File not found: ../../source/ti/drivers/rf/RF.h
In project: examples/rtos/CC2640R2_LAUNCHXL/blestack/simple_peripheral_oad_onchip/tirtos/ccs/persistent_app_cc2640r2lp.projectspec

File not found: ../../source/ti/drivers/rf/RFCC26XX_singleMode.c
In project: examples/rtos/CC2640R2_LAUNCHXL/blestack/simple_peripheral_oad_onchip/tirtos/ccs/persistent_app_cc2640r2lp.projectspec

File not found: ../../source/ti/drivers/rf/RF.h
In project: examples/rtos/CC2640R2_LAUNCHXL/blestack/simple_peripheral_oad_onchip/tirtos/ccs/simple_peripheral_cc2640r2lp_oad_onchip_app.projectspec

File not found: ../../source/ti/drivers/rf/RFCC26XX_singleMode.c
In project: examples/rtos/CC2640R2_LAUNCHXL/blestack/simple_peripheral_oad_onchip/tirtos/ccs/simple_peripheral_cc2640r2lp_oad_onchip_app.projectspec

File not found: ../../source/ti/drivers/rf/RF.h
In project: examples/rtos/CC2640R2_LAUNCHXL/blestack/simple_peripheral_secure_fw/tirtos/ccs/simple_peripheral_cc2640r2lp_secure_fw_app.projectspec

File not found: ../../source/ti/drivers/rf/RFCC26XX_singleMode.c
In project: examples/rtos/CC2640R2_LAUNCHXL/blestack/simple_peripheral_secure_fw/tirtos/ccs/simple_peripheral_cc2640r2lp_secure_fw_app.projectspec

